Transformed: /zFHIR-publication/hl7-eu/base/__r4-r5\ig.ini -> /zFHIR-publication/hl7-eu/base\ig.ini
Transformed: /zFHIR-publication/hl7-eu/base/__r4-r5\publication-request.json -> /zFHIR-publication/hl7-eu/base\publication-request.json
Transformed: /zFHIR-publication/hl7-eu/base/__r4-r5\README.md -> /zFHIR-publication/hl7-eu/base\README.md
Transformed: /zFHIR-publication/hl7-eu/base/__r4-r5\sushi-config.yaml -> /zFHIR-publication/hl7-eu/base\sushi-config.yaml
Transformed: /zFHIR-publication/hl7-eu/base/__r4-r5\ig-template\package-list.json -> /zFHIR-publication/hl7-eu/base\ig-template\package-list.json
Transformed: /zFHIR-publication/hl7-eu/base/__r4-r5\ig-template\README.md -> /zFHIR-publication/hl7-eu/base\ig-template\README.md
Transformed: /zFHIR-publication/hl7-eu/base/__r4-r5\ig-template\content\assets\css\hl7eu-old.css -> /zFHIR-publication/hl7-eu/base\ig-template\content\assets\css\hl7eu-old.css
Transformed: /zFHIR-publication/hl7-eu/base/__r4-r5\ig-template\content\assets\css\hl7eu.css -> /zFHIR-publication/hl7-eu/base\ig-template\content\assets\css\hl7eu.css
Transformed: /zFHIR-publication/hl7-eu/base/__r4-r5\ig-template\content\assets\ico\favicon.ico -> /zFHIR-publication/hl7-eu/base\ig-template\content\assets\ico\favicon.ico
Copied: /zFHIR-publication/hl7-eu/base/__r4-r5\ig-template\content\assets\images\eu.png -> /zFHIR-publication/hl7-eu/base\ig-template\content\assets\images\eu.png
Copied: /zFHIR-publication/hl7-eu/base/__r4-r5\ig-template\content\assets\images\fhir-logo-www.png -> /zFHIR-publication/hl7-eu/base\ig-template\content\assets\images\fhir-logo-www.png
Copied: /zFHIR-publication/hl7-eu/base/__r4-r5\ig-template\content\assets\images\hl7-eu-logo.png -> /zFHIR-publication/hl7-eu/base\ig-template\content\assets\images\hl7-eu-logo.png
Transformed: /zFHIR-publication/hl7-eu/base/__r4-r5\ig-template\includes\fragment-footer.html -> /zFHIR-publication/hl7-eu/base\ig-template\includes\fragment-footer.html
Transformed: /zFHIR-publication/hl7-eu/base/__r4-r5\ig-template\includes\fragment-header.html -> /zFHIR-publication/hl7-eu/base\ig-template\includes\fragment-header.html
Transformed: /zFHIR-publication/hl7-eu/base/__r4-r5\ig-template\includes\_append.fragment-css.html -> /zFHIR-publication/hl7-eu/base\ig-template\includes\_append.fragment-css.html
Transformed: /zFHIR-publication/hl7-eu/base/__r4-r5\ig-template\package\package.json -> /zFHIR-publication/hl7-eu/base\ig-template\package\package.json
Transformed: /zFHIR-publication/hl7-eu/base/__r4-r5\input\ignoreWarnings.txt -> /zFHIR-publication/hl7-eu/base\input\ignoreWarnings.txt
Transformed: /zFHIR-publication/hl7-eu/base/__r4-r5\input\fsh\alias-extensions.fsh -> /zFHIR-publication/hl7-eu/base\input\fsh\alias-extensions.fsh
Transformed: /zFHIR-publication/hl7-eu/base/__r4-r5\input\fsh\alias-ig.fsh -> /zFHIR-publication/hl7-eu/base\input\fsh\alias-ig.fsh
Transformed: /zFHIR-publication/hl7-eu/base/__r4-r5\input\fsh\alias-systems.fsh -> /zFHIR-publication/hl7-eu/base\input\fsh\alias-systems.fsh
Transformed: /zFHIR-publication/hl7-eu/base/__r4-r5\input\fsh\alias-valuesets.fsh -> /zFHIR-publication/hl7-eu/base\input\fsh\alias-valuesets.fsh
Transformed: /zFHIR-publication/hl7-eu/base/__r4-r5\input\fsh\examples\allergyintolerance-eu-core-example.fsh -> /zFHIR-publication/hl7-eu/base\input\fsh\examples\allergyintolerance-eu-core-example.fsh
Transformed: /zFHIR-publication/hl7-eu/base/__r4-r5\input\fsh\examples\bodyStructure-example.fsh -> /zFHIR-publication/hl7-eu/base\input\fsh\examples\bodyStructure-example.fsh
Transformed: /zFHIR-publication/hl7-eu/base/__r4-r5\input\fsh\examples\condition-eu-core-example.fsh -> /zFHIR-publication/hl7-eu/base\input\fsh\examples\condition-eu-core-example.fsh
Transformed: /zFHIR-publication/hl7-eu/base/__r4-r5\input\fsh\examples\flag-eu-core-example.fsh -> /zFHIR-publication/hl7-eu/base\input\fsh\examples\flag-eu-core-example.fsh
Transformed: /zFHIR-publication/hl7-eu/base/__r4-r5\input\fsh\examples\immunization-eu-core-example.fsh -> /zFHIR-publication/hl7-eu/base\input\fsh\examples\immunization-eu-core-example.fsh
Transformed: /zFHIR-publication/hl7-eu/base/__r4-r5\input\fsh\examples\location-example.fsh -> /zFHIR-publication/hl7-eu/base\input\fsh\examples\location-example.fsh
Transformed: /zFHIR-publication/hl7-eu/base/__r4-r5\input\fsh\examples\medications.fsh -> /zFHIR-publication/hl7-eu/base\input\fsh\examples\medications.fsh
Transformed: /zFHIR-publication/hl7-eu/base/__r4-r5\input\fsh\examples\organization-example.fsh -> /zFHIR-publication/hl7-eu/base\input\fsh\examples\organization-example.fsh
Transformed: /zFHIR-publication/hl7-eu/base/__r4-r5\input\fsh\examples\patient-animal.fsh -> /zFHIR-publication/hl7-eu/base\input\fsh\examples\patient-animal.fsh
Transformed: /zFHIR-publication/hl7-eu/base/__r4-r5\input\fsh\examples\patient-example.fsh -> /zFHIR-publication/hl7-eu/base\input\fsh\examples\patient-example.fsh
Transformed: /zFHIR-publication/hl7-eu/base/__r4-r5\input\fsh\examples\practitioner-eu-core-example.fsh -> /zFHIR-publication/hl7-eu/base\input\fsh\examples\practitioner-eu-core-example.fsh
Transformed: /zFHIR-publication/hl7-eu/base/__r4-r5\input\fsh\examples\practitionerRole-eu-core-example.fsh -> /zFHIR-publication/hl7-eu/base\input\fsh\examples\practitionerRole-eu-core-example.fsh
Transformed: /zFHIR-publication/hl7-eu/base/__r4-r5\input\fsh\examples\procedure-eu-core-example.fsh -> /zFHIR-publication/hl7-eu/base\input\fsh\examples\procedure-eu-core-example.fsh
Transformed: /zFHIR-publication/hl7-eu/base/__r4-r5\input\fsh\examples\simple-labReport-example.fsh -> /zFHIR-publication/hl7-eu/base\input\fsh\examples\simple-labReport-example.fsh
Transformed: /zFHIR-publication/hl7-eu/base/__r4-r5\input\fsh\profiles\address-eu.fsh -> /zFHIR-publication/hl7-eu/base\input\fsh\profiles\address-eu.fsh
Transformed: /zFHIR-publication/hl7-eu/base/__r4-r5\input\fsh\profiles\base\organization-eu.fsh -> /zFHIR-publication/hl7-eu/base\input\fsh\profiles\base\organization-eu.fsh
Transformed: /zFHIR-publication/hl7-eu/base/__r4-r5\input\fsh\profiles\base\patient-eu.fsh -> /zFHIR-publication/hl7-eu/base\input\fsh\profiles\base\patient-eu.fsh
Transformed: /zFHIR-publication/hl7-eu/base/__r4-r5\input\fsh\profiles\base\practitioner-eu.fsh -> /zFHIR-publication/hl7-eu/base\input\fsh\profiles\base\practitioner-eu.fsh
Transformed: /zFHIR-publication/hl7-eu/base/__r4-r5\input\fsh\profiles\core\allergy-eu-core.fsh -> /zFHIR-publication/hl7-eu/base\input\fsh\profiles\core\allergy-eu-core.fsh
Transformed: /zFHIR-publication/hl7-eu/base/__r4-r5\input\fsh\profiles\core\bodyStructure-eu-core.fsh -> /zFHIR-publication/hl7-eu/base\input\fsh\profiles\core\bodyStructure-eu-core.fsh
Transformed: /zFHIR-publication/hl7-eu/base/__r4-r5\input\fsh\profiles\core\composition-eu-core.fsh -> /zFHIR-publication/hl7-eu/base\input\fsh\profiles\core\composition-eu-core.fsh
Transformed: /zFHIR-publication/hl7-eu/base/__r4-r5\input\fsh\profiles\core\condition-eu-core.fsh -> /zFHIR-publication/hl7-eu/base\input\fsh\profiles\core\condition-eu-core.fsh
Transformed: /zFHIR-publication/hl7-eu/base/__r4-r5\input\fsh\profiles\core\diagnosticReport-eu-core.fsh -> /zFHIR-publication/hl7-eu/base\input\fsh\profiles\core\diagnosticReport-eu-core.fsh
Transformed: /zFHIR-publication/hl7-eu/base/__r4-r5\input\fsh\profiles\core\flag-eu-core.fsh -> /zFHIR-publication/hl7-eu/base\input\fsh\profiles\core\flag-eu-core.fsh
Transformed: /zFHIR-publication/hl7-eu/base/__r4-r5\input\fsh\profiles\core\immunization-eu-core.fsh -> /zFHIR-publication/hl7-eu/base\input\fsh\profiles\core\immunization-eu-core.fsh
Transformed: /zFHIR-publication/hl7-eu/base/__r4-r5\input\fsh\profiles\core\location-eu-core.fsh -> /zFHIR-publication/hl7-eu/base\input\fsh\profiles\core\location-eu-core.fsh
Transformed: /zFHIR-publication/hl7-eu/base/__r4-r5\input\fsh\profiles\core\medical-test-result-eu-core.fsh -> /zFHIR-publication/hl7-eu/base\input\fsh\profiles\core\medical-test-result-eu-core.fsh
Transformed: /zFHIR-publication/hl7-eu/base/__r4-r5\input\fsh\profiles\core\medication-eu-core.fsh -> /zFHIR-publication/hl7-eu/base\input\fsh\profiles\core\medication-eu-core.fsh
Transformed: /zFHIR-publication/hl7-eu/base/__r4-r5\input\fsh\profiles\core\medicationRequest-eu-core.fsh -> /zFHIR-publication/hl7-eu/base\input\fsh\profiles\core\medicationRequest-eu-core.fsh
Transformed: /zFHIR-publication/hl7-eu/base/__r4-r5\input\fsh\profiles\core\medicationStatement-eu-core.fsh -> /zFHIR-publication/hl7-eu/base\input\fsh\profiles\core\medicationStatement-eu-core.fsh
Transformed: /zFHIR-publication/hl7-eu/base/__r4-r5\input\fsh\profiles\core\organization-eu-core.fsh -> /zFHIR-publication/hl7-eu/base\input\fsh\profiles\core\organization-eu-core.fsh
Transformed: /zFHIR-publication/hl7-eu/base/__r4-r5\input\fsh\profiles\core\patient-animal-eu-core.fsh -> /zFHIR-publication/hl7-eu/base\input\fsh\profiles\core\patient-animal-eu-core.fsh
Transformed: /zFHIR-publication/hl7-eu/base/__r4-r5\input\fsh\profiles\core\patient-eu-core.fsh -> /zFHIR-publication/hl7-eu/base\input\fsh\profiles\core\patient-eu-core.fsh
Transformed: /zFHIR-publication/hl7-eu/base/__r4-r5\input\fsh\profiles\core\practitioner-eu-core.fsh -> /zFHIR-publication/hl7-eu/base\input\fsh\profiles\core\practitioner-eu-core.fsh
Transformed: /zFHIR-publication/hl7-eu/base/__r4-r5\input\fsh\profiles\core\procedure-eu-core.fsh -> /zFHIR-publication/hl7-eu/base\input\fsh\profiles\core\procedure-eu-core.fsh
Transformed: /zFHIR-publication/hl7-eu/base/__r4-r5\input\fsh\rulesSet\rulesSet-common.fsh -> /zFHIR-publication/hl7-eu/base\input\fsh\rulesSet\rulesSet-common.fsh
Transformed: /zFHIR-publication/hl7-eu/base/__r4-r5\input\fsh\rulesSet\rulesSet-obligations.fsh -> /zFHIR-publication/hl7-eu/base\input\fsh\rulesSet\rulesSet-obligations.fsh
Transformed: /zFHIR-publication/hl7-eu/base/__r4-r5\input\fsh\terminology\ehdsCategories.fsh -> /zFHIR-publication/hl7-eu/base\input\fsh\terminology\ehdsCategories.fsh
Transformed: /zFHIR-publication/hl7-eu/base/__r4-r5\input\fsh\terminology\lab-species.fsh -> /zFHIR-publication/hl7-eu/base\input\fsh\terminology\lab-species.fsh
Transformed: /zFHIR-publication/hl7-eu/base/__r4-r5\input\fsh\terminology\medicationIntendedUse.fsh -> /zFHIR-publication/hl7-eu/base\input\fsh\terminology\medicationIntendedUse.fsh
Transformed: /zFHIR-publication/hl7-eu/base/__r4-r5\input\fsh\terminology\observationCodeVS.fsh -> /zFHIR-publication/hl7-eu/base\input\fsh\terminology\observationCodeVS.fsh
Transformed: /zFHIR-publication/hl7-eu/base/__r4-r5\input\fsh\terminology\periodOfLife.fsh -> /zFHIR-publication/hl7-eu/base\input\fsh\terminology\periodOfLife.fsh
Transformed: /zFHIR-publication/hl7-eu/base/__r4-r5\input\fsh\terminology\siteLaterality.fsh -> /zFHIR-publication/hl7-eu/base\input\fsh\terminology\siteLaterality.fsh
Transformed: /zFHIR-publication/hl7-eu/base/__r4-r5\input\fsh\terminology\siteQualifier.fsh -> /zFHIR-publication/hl7-eu/base\input\fsh\terminology\siteQualifier.fsh
Copied: /zFHIR-publication/hl7-eu/base/__r4-r5\input\images\home-1.png -> /zFHIR-publication/hl7-eu/base\input\images\home-1.png
Copied: /zFHIR-publication/hl7-eu/base/__r4-r5\input\images\home-2.png -> /zFHIR-publication/hl7-eu/base\input\images\home-2.png
Copied: /zFHIR-publication/hl7-eu/base/__r4-r5\input\images\xtehr-logo-original.png -> /zFHIR-publication/hl7-eu/base\input\images\xtehr-logo-original.png
Copied: /zFHIR-publication/hl7-eu/base/__r4-r5\input\images\xtehr-logo.png -> /zFHIR-publication/hl7-eu/base\input\images\xtehr-logo.png
Transformed: /zFHIR-publication/hl7-eu/base/__r4-r5\input\images-source\base-core-imgs.pptx -> /zFHIR-publication/hl7-eu/base\input\images-source\base-core-imgs.pptx
Transformed: /zFHIR-publication/hl7-eu/base/__r4-r5\input\pagecontent\authors.md -> /zFHIR-publication/hl7-eu/base\input\pagecontent\authors.md
Transformed: /zFHIR-publication/hl7-eu/base/__r4-r5\input\pagecontent\changes.md -> /zFHIR-publication/hl7-eu/base\input\pagecontent\changes.md
Transformed: /zFHIR-publication/hl7-eu/base/__r4-r5\input\pagecontent\copyright.md -> /zFHIR-publication/hl7-eu/base\input\pagecontent\copyright.md
Transformed: /zFHIR-publication/hl7-eu/base/__r4-r5\input\pagecontent\crossversionanalysis.md -> /zFHIR-publication/hl7-eu/base\input\pagecontent\crossversionanalysis.md
Transformed: /zFHIR-publication/hl7-eu/base/__r4-r5\input\pagecontent\dependencies.md -> /zFHIR-publication/hl7-eu/base\input\pagecontent\dependencies.md
Transformed: /zFHIR-publication/hl7-eu/base/__r4-r5\input\pagecontent\downloads.md -> /zFHIR-publication/hl7-eu/base\input\pagecontent\downloads.md
Transformed: /zFHIR-publication/hl7-eu/base/__r4-r5\input\pagecontent\index.md -> /zFHIR-publication/hl7-eu/base\input\pagecontent\index.md
Transformed: /zFHIR-publication/hl7-eu/base/__r4-r5\input\pagecontent\introduction.md -> /zFHIR-publication/hl7-eu/base\input\pagecontent\introduction.md
Transformed: /zFHIR-publication/hl7-eu/base/__r4-r5\input\pagecontent\knownissues.md -> /zFHIR-publication/hl7-eu/base\input\pagecontent\knownissues.md
Transformed: /zFHIR-publication/hl7-eu/base/__r4-r5\input\pagecontent\logicalmodels.md -> /zFHIR-publication/hl7-eu/base\input\pagecontent\logicalmodels.md
Transformed: /zFHIR-publication/hl7-eu/base/__r4-r5\input\pagecontent\map-ehdsaddress.xml -> /zFHIR-publication/hl7-eu/base\input\pagecontent\map-ehdsaddress.xml
Transformed: /zFHIR-publication/hl7-eu/base/__r4-r5\input\pagecontent\map-ehdsalert.xml -> /zFHIR-publication/hl7-eu/base\input\pagecontent\map-ehdsalert.xml
Transformed: /zFHIR-publication/hl7-eu/base/__r4-r5\input\pagecontent\map-ehdsallergyintolerance.xml -> /zFHIR-publication/hl7-eu/base\input\pagecontent\map-ehdsallergyintolerance.xml
Transformed: /zFHIR-publication/hl7-eu/base/__r4-r5\input\pagecontent\map-ehdsbodystructure.xml -> /zFHIR-publication/hl7-eu/base\input\pagecontent\map-ehdsbodystructure.xml
Transformed: /zFHIR-publication/hl7-eu/base/__r4-r5\input\pagecontent\map-ehdscondition.xml -> /zFHIR-publication/hl7-eu/base\input\pagecontent\map-ehdscondition.xml
Transformed: /zFHIR-publication/hl7-eu/base/__r4-r5\input\pagecontent\map-ehdsdocument-report.xml -> /zFHIR-publication/hl7-eu/base\input\pagecontent\map-ehdsdocument-report.xml
Transformed: /zFHIR-publication/hl7-eu/base/__r4-r5\input\pagecontent\map-ehdsdocument.xml -> /zFHIR-publication/hl7-eu/base\input\pagecontent\map-ehdsdocument.xml
Transformed: /zFHIR-publication/hl7-eu/base/__r4-r5\input\pagecontent\map-ehdshealthprofessional.xml -> /zFHIR-publication/hl7-eu/base\input\pagecontent\map-ehdshealthprofessional.xml
Transformed: /zFHIR-publication/hl7-eu/base/__r4-r5\input\pagecontent\map-ehdshumanname.xml -> /zFHIR-publication/hl7-eu/base\input\pagecontent\map-ehdshumanname.xml
Transformed: /zFHIR-publication/hl7-eu/base/__r4-r5\input\pagecontent\map-ehdsimmunisation.xml -> /zFHIR-publication/hl7-eu/base\input\pagecontent\map-ehdsimmunisation.xml
Transformed: /zFHIR-publication/hl7-eu/base/__r4-r5\input\pagecontent\map-ehdslocation.xml -> /zFHIR-publication/hl7-eu/base\input\pagecontent\map-ehdslocation.xml
Transformed: /zFHIR-publication/hl7-eu/base/__r4-r5\input\pagecontent\map-ehdsmedication.xml -> /zFHIR-publication/hl7-eu/base\input\pagecontent\map-ehdsmedication.xml
Transformed: /zFHIR-publication/hl7-eu/base/__r4-r5\input\pagecontent\map-ehdsmedicationprescription.xml -> /zFHIR-publication/hl7-eu/base\input\pagecontent\map-ehdsmedicationprescription.xml
Transformed: /zFHIR-publication/hl7-eu/base/__r4-r5\input\pagecontent\map-ehdsmedicationstatement.xml -> /zFHIR-publication/hl7-eu/base\input\pagecontent\map-ehdsmedicationstatement.xml
Transformed: /zFHIR-publication/hl7-eu/base/__r4-r5\input\pagecontent\map-ehdsobservation.xml -> /zFHIR-publication/hl7-eu/base\input\pagecontent\map-ehdsobservation.xml
Transformed: /zFHIR-publication/hl7-eu/base/__r4-r5\input\pagecontent\map-ehdsorganisation.xml -> /zFHIR-publication/hl7-eu/base\input\pagecontent\map-ehdsorganisation.xml
Transformed: /zFHIR-publication/hl7-eu/base/__r4-r5\input\pagecontent\map-ehdspatient.xml -> /zFHIR-publication/hl7-eu/base\input\pagecontent\map-ehdspatient.xml
Transformed: /zFHIR-publication/hl7-eu/base/__r4-r5\input\pagecontent\map-ehdspatientanimal.xml -> /zFHIR-publication/hl7-eu/base\input\pagecontent\map-ehdspatientanimal.xml
Transformed: /zFHIR-publication/hl7-eu/base/__r4-r5\input\pagecontent\map-ehdsprocedure.xml -> /zFHIR-publication/hl7-eu/base\input\pagecontent\map-ehdsprocedure.xml
Transformed: /zFHIR-publication/hl7-eu/base/__r4-r5\input\pagecontent\map-ehdstelecom.xml -> /zFHIR-publication/hl7-eu/base\input\pagecontent\map-ehdstelecom.xml
Transformed: /zFHIR-publication/hl7-eu/base/__r4-r5\input\pagecontent\missing-data.md -> /zFHIR-publication/hl7-eu/base\input\pagecontent\missing-data.md
Transformed: /zFHIR-publication/hl7-eu/base/__r4-r5\input\pagecontent\modelmap.xml -> /zFHIR-publication/hl7-eu/base\input\pagecontent\modelmap.xml
Transformed: /zFHIR-publication/hl7-eu/base/__r4-r5\input\pagecontent\profiles.md -> /zFHIR-publication/hl7-eu/base\input\pagecontent\profiles.md
Transformed: /zFHIR-publication/hl7-eu/base/__r4-r5\input\pagecontent\StructureDefinition-Address-eu-intro.xml -> /zFHIR-publication/hl7-eu/base\input\pagecontent\StructureDefinition-Address-eu-intro.xml
Transformed: /zFHIR-publication/hl7-eu/base/__r4-r5\input\pagecontent\StructureDefinition-patient-eu-intro.xml -> /zFHIR-publication/hl7-eu/base\input\pagecontent\StructureDefinition-patient-eu-intro.xml
Transformed: /zFHIR-publication/hl7-eu/base/__r4-r5\input\pagecontent\terminologies.md -> /zFHIR-publication/hl7-eu/base\input\pagecontent\terminologies.md
Transformed: /zFHIR-publication/hl7-eu/base/__r4-r5\scripts\config.json-example -> /zFHIR-publication/hl7-eu/base\scripts\config.json-example
Copied: /zFHIR-publication/hl7-eu/base/__r4-r5\scripts\preProcessRxBuild.py -> /zFHIR-publication/hl7-eu/base\scripts\preProcessRxBuild.py
Transformed: /zFHIR-publication/hl7-eu/base/__r4-r5\scripts\README.md -> /zFHIR-publication/hl7-eu/base\scripts\README.md
Transformed: /zFHIR-publication/hl7-eu/base/__r4-r5\_sources\diagnosticReport-lab.fsh -> /zFHIR-publication/hl7-eu/base\_sources\diagnosticReport-lab.fsh
Transformed: /zFHIR-publication/hl7-eu/base/__r4-r5\_sources\im-diagnosticreport.fsh -> /zFHIR-publication/hl7-eu/base\_sources\im-diagnosticreport.fsh
Transformed: /zFHIR-publication/hl7-eu/base/__r4-r5\_sources\rulesSet-lab.fsh -> /zFHIR-publication/hl7-eu/base\_sources\rulesSet-lab.fsh
Transformed: /zFHIR-publication/hl7-eu/base/__r4-r5\_sources\xtehr-model-map-r5.xlsx -> /zFHIR-publication/hl7-eu/base\_sources\xtehr-model-map-r5.xlsx
Transformed: /zFHIR-publication/hl7-eu/base/__r4-r5\_sources\xtehr-model-map.xlsx -> /zFHIR-publication/hl7-eu/base\_sources\xtehr-model-map.xlsx
Transformed: /zFHIR-publication/hl7-eu/base/__r4-r5\_sources\ehic\codeSystems.fsh -> /zFHIR-publication/hl7-eu/base\_sources\ehic\codeSystems.fsh
Transformed: /zFHIR-publication/hl7-eu/base/__r4-r5\_sources\ehic\ehic-examples.fsh -> /zFHIR-publication/hl7-eu/base\_sources\ehic\ehic-examples.fsh
Transformed: /zFHIR-publication/hl7-eu/base/__r4-r5\_sources\ehic\ehic-profiles.fsh -> /zFHIR-publication/hl7-eu/base\_sources\ehic\ehic-profiles.fsh
Transformed: /zFHIR-publication/hl7-eu/base/__r4-r5\_sources\ehic\ehic.fsh -> /zFHIR-publication/hl7-eu/base\_sources\ehic\ehic.fsh
Transformed: /zFHIR-publication/hl7-eu/base/__r4-r5\_sources\ehic\StructureDefinition-EHIC-intro.xml -> /zFHIR-publication/hl7-eu/base\_sources\ehic\StructureDefinition-EHIC-intro.xml
Transformed: /zFHIR-publication/hl7-eu/base/__r4-r5\_sources\ehic\sushi-config.yaml -> /zFHIR-publication/hl7-eu/base\_sources\ehic\sushi-config.yaml
Transformed: /zFHIR-publication/hl7-eu/base/__r4-r5\_sources\ehic\valueSets.fsh -> /zFHIR-publication/hl7-eu/base\_sources\ehic\valueSets.fsh
